<?xml version="1.0" encoding="UTF-8"?>
<testng-results skipped="0" failed="0" ignored="0" total="1" passed="1">
  <reporter-output>
    <line>
      <![CDATA[[INFO ] [2021-06-26 22:47:47,305] Lazada - Step 01: Enter to Search textbox
<br>]]>
    </line>
    <line>
      <![CDATA[[INFO ] [2021-06-26 22:47:57,550] Lazada - Step 02: Verify 'Apple iPhone 11 ' text displayed
<br>]]>
    </line>
    <line>
      <![CDATA[[INFO ] [2021-06-26 22:47:57,636] Lazada - Step 03: Click to Apple checkbox
<br>]]>
    </line>
    <line>
      <![CDATA[[INFO ] [2021-06-26 22:48:01,169] Lazada - Step 04: Select to Sort dropdown
<br>]]>
    </line>
    <line>
      <![CDATA[[INFO ] [2021-06-26 22:48:06,914] Lazada - Step 05: Verify sort Price: lowest first
<br>]]>
    </line>
    <line>
      <![CDATA[[INFO ] [2021-06-26 22:48:07,197]  -------------------------- PASSED -------------------------- 
<br>]]>
    </line>
    <line>
      <![CDATA[[INFO ] [2021-06-26 22:48:07,356] OS name = windows 10
<br>]]>
    </line>
    <line>
      <![CDATA[[INFO ] [2021-06-26 22:48:08,571] ---------- QUIT BROWSER SUCCESS ----------
<br>]]>
    </line>
  </reporter-output>
  <suite name="Orange HRM" duration-ms="27933" started-at="2021-06-26T15:47:40Z" finished-at="2021-06-26T15:48:08Z">
    <groups>
    </groups>
    <test name="Run on CHROME" duration-ms="27933" started-at="2021-06-26T15:47:40Z" finished-at="2021-06-26T15:48:08Z">
      <class name="sotatek.amazon.home.TC_01_Test">
        <test-method status="PASS" signature="beforeClass(java.lang.String, java.lang.String)[pri:0, instance:sotatek.amazon.home.TC_01_Test@4fb61f4a]" name="beforeClass" is-config="true" duration-ms="6478" started-at="2021-06-26T15:47:40Z" finished-at="2021-06-26T15:47:47Z">
          <params>
            <param index="0">
              <value>
                <![CDATA[chrome]]>
              </value>
            </param>
            <param index="1">
              <value>
                <![CDATA[https://www.amazon.com/]]>
              </value>
            </param>
          </params>
          <reporter-output>
          </reporter-output>
        </test-method> <!-- beforeClass -->
        <test-method status="PASS" signature="TC_01_Test_Sotatek()[pri:0, instance:sotatek.amazon.home.TC_01_Test@4fb61f4a]" name="TC_01_Test_Sotatek" duration-ms="20036" started-at="2021-06-26T15:47:47Z" finished-at="2021-06-26T15:48:07Z">
          <reporter-output>
            <line>
              <![CDATA[[INFO ] [2021-06-26 22:47:47,305] Lazada - Step 01: Enter to Search textbox
<br>]]>
            </line>
            <line>
              <![CDATA[[INFO ] [2021-06-26 22:47:57,550] Lazada - Step 02: Verify 'Apple iPhone 11 ' text displayed
<br>]]>
            </line>
            <line>
              <![CDATA[[INFO ] [2021-06-26 22:47:57,636] Lazada - Step 03: Click to Apple checkbox
<br>]]>
            </line>
            <line>
              <![CDATA[[INFO ] [2021-06-26 22:48:01,169] Lazada - Step 04: Select to Sort dropdown
<br>]]>
            </line>
            <line>
              <![CDATA[[INFO ] [2021-06-26 22:48:06,914] Lazada - Step 05: Verify sort Price: lowest first
<br>]]>
            </line>
            <line>
              <![CDATA[[INFO ] [2021-06-26 22:48:07,197]  -------------------------- PASSED -------------------------- 
<br>]]>
            </line>
          </reporter-output>
        </test-method> <!-- TC_01_Test_Sotatek -->
        <test-method status="PASS" signature="afterClass()[pri:0, instance:sotatek.amazon.home.TC_01_Test@4fb61f4a]" name="afterClass" is-config="true" duration-ms="1218" started-at="2021-06-26T15:48:07Z" finished-at="2021-06-26T15:48:08Z">
          <reporter-output>
            <line>
              <![CDATA[[INFO ] [2021-06-26 22:48:07,356] OS name = windows 10
<br>]]>
            </line>
            <line>
              <![CDATA[[INFO ] [2021-06-26 22:48:08,571] ---------- QUIT BROWSER SUCCESS ----------
<br>]]>
            </line>
          </reporter-output>
        </test-method> <!-- afterClass -->
      </class> <!-- sotatek.amazon.home.TC_01_Test -->
    </test> <!-- Run on CHROME -->
  </suite> <!-- Orange HRM -->
</testng-results>
